#
# There is insufficient memory for the Java Runtime Environment to continue.
# Native memory allocation (malloc) failed to allocate 44816 bytes. Error detail: Chunk::new
# Possible reasons:
#   The system is out of physical RAM or swap space
#   This process is running with CompressedOops enabled, and the Java Heap may be blocking the growth of the native heap
# Possible solutions:
#   Reduce memory load on the system
#   Increase physical memory or swap space
#   Check if swap backing store is full
#   Decrease Java heap size (-Xmx/-Xms)
#   Decrease number of Java threads
#   Decrease Java thread stack sizes (-Xss)
#   Set larger code cache with -XX:ReservedCodeCacheSize=
#   JVM is running with Unscaled Compressed Oops mode in which the Java heap is
#     placed in the first 4GB address space. The Java Heap base address is the
#     maximum limit for the native heap growth. Please use -XX:HeapBaseMinAddress
#     to set the Java Heap base and to place the Java Heap above 4GB virtual address.
# This output file may be truncated or incomplete.
#
#  Out of Memory Error (arena.cpp:168), pid=11200, tid=21228
#
# JRE version: OpenJDK Runtime Environment Temurin-21.0.6+7 (21.0.6+7) (build 21.0.6+7-LTS)
# Java VM: OpenJDK 64-Bit Server VM Temurin-21.0.6+7 (21.0.6+7-LTS, mixed mode, sharing, tiered, compressed oops, compressed class ptrs, parallel gc, windows-amd64)
# No core dump will be written. Minidumps are not enabled by default on client versions of Windows
#

---------------  S U M M A R Y ------------

Command Line: --add-modules=ALL-SYSTEM --add-opens=java.base/java.util=ALL-UNNAMED --add-opens=java.base/java.lang=ALL-UNNAMED --add-opens=java.base/sun.nio.fs=ALL-UNNAMED -Declipse.application=org.eclipse.jdt.ls.core.id1 -Dosgi.bundles.defaultStartLevel=4 -Declipse.product=org.eclipse.jdt.ls.core.product -Djava.import.generatesMetadataFilesAtProjectRoot=false -DDetectVMInstallationsJob.disabled=true -Dfile.encoding=utf8 -XX:+UseParallelGC -XX:GCTimeRatio=4 -XX:AdaptiveSizePolicyWeight=90 -Dsun.zip.disableMemoryMapping=true -Xmx1G -Xms100m -Xlog:disable -javaagent:c:\Users\Bienvenu OUEDRAOGO\.vscode\extensions\redhat.java-1.41.1-win32-x64\lombok\lombok-1.18.36.jar -XX:+HeapDumpOnOutOfMemoryError -XX:HeapDumpPath=c:\Users\Bienvenu OUEDRAOGO\AppData\Roaming\Code\User\workspaceStorage\6d31cc40372e3232f7d9db60a52cb68e\redhat.java -Daether.dependencyCollector.impl=bf c:\Users\Bienvenu OUEDRAOGO\.vscode\extensions\redhat.java-1.41.1-win32-x64\server\plugins\org.eclipse.equinox.launcher_1.7.0.v20250331-1702.jar -configuration c:\Users\Bienvenu OUEDRAOGO\AppData\Roaming\Code\User\globalStorage\redhat.java\1.41.1\config_win -data c:\Users\Bienvenu OUEDRAOGO\AppData\Roaming\Code\User\workspaceStorage\6d31cc40372e3232f7d9db60a52cb68e\redhat.java\jdt_ws --pipe=\\.\pipe\lsp-d86f35a67c69670573693d459a7d9b33-sock

Host: Intel(R) Core(TM) i3-6100U CPU @ 2.30GHz, 4 cores, 5G,  Windows 10 , 64 bit Build 19041 (10.0.19041.5678)
Time: Sat Apr 19 21:34:01 2025 Paris, Madrid elapsed time: 148.766657 seconds (0d 0h 2m 28s)

---------------  T H R E A D  ---------------

Current thread (0x000002eac91d4520):  JavaThread "C2 CompilerThread0" daemon [_thread_in_native, id=21228, stack(0x000000ec51000000,0x000000ec51100000) (1024K)]


Current CompileTask:
C2:148767 7113       4       java.util.Arrays::copyOf (33 bytes)

Stack: [0x000000ec51000000,0x000000ec51100000]
Native frames: (J=compiled Java code, j=interpreted, Vv=VM code, C=native code)
V  [jvm.dll+0x6cdee9]
V  [jvm.dll+0x8a83d1]
V  [jvm.dll+0x8aa8fe]
V  [jvm.dll+0x8aafe3]
V  [jvm.dll+0x27f706]
V  [jvm.dll+0xc500d]
V  [jvm.dll+0xc5543]
V  [jvm.dll+0x3b6752]
V  [jvm.dll+0x382935]
V  [jvm.dll+0x381d9a]
V  [jvm.dll+0x2479f0]
V  [jvm.dll+0x246fcf]
V  [jvm.dll+0x1c75ee]
V  [jvm.dll+0x25685a]
V  [jvm.dll+0x254dfa]
V  [jvm.dll+0x3f0256]
V  [jvm.dll+0x851f8b]
V  [jvm.dll+0x6cc5ed]
C  [ucrtbase.dll+0x21bb2]
C  [KERNEL32.DLL+0x17374]
C  [ntdll.dll+0x4cc91]


---------------  P R O C E S S  ---------------

Threads class SMR info:
_java_thread_list=0x000002eb11e32320, length=34, elements={
0x000002eab2c53590, 0x000002eac91cd270, 0x000002eac91ce970, 0x000002eac91cf680,
0x000002eac91d0d80, 0x000002eac91d2ca0, 0x000002eac91d36f0, 0x000002eac91d4520,
0x000002eac924b5a0, 0x000002eab4f11c00, 0x000002eb0f26f3a0, 0x000002eb0f21e2c0,
0x000002eb0f10d6b0, 0x000002eb0f629350, 0x000002eb0f815d70, 0x000002eb0f09f910,
0x000002eb0f09ded0, 0x000002eb0f09ebf0, 0x000002eb0f0a0630, 0x000002eb0f09ffa0,
0x000002eb0f0a0cc0, 0x000002eb0f0a1350, 0x000002eb0f09e560, 0x000002eb0f09f280,
0x000002eb11aefa40, 0x000002eb11af0df0, 0x000002eb11af2ec0, 0x000002eb11af21a0,
0x000002eb11af00d0, 0x000002eb11af3550, 0x000002eb11af0760, 0x000002eb11aed970,
0x000002eb11af2830, 0x000002eb11aeed20
}

Java Threads: ( => current thread )
  0x000002eab2c53590 JavaThread "main"                              [_thread_blocked, id=2732, stack(0x000000ec50600000,0x000000ec50700000) (1024K)]
  0x000002eac91cd270 JavaThread "Reference Handler"          daemon [_thread_blocked, id=2892, stack(0x000000ec50a00000,0x000000ec50b00000) (1024K)]
  0x000002eac91ce970 JavaThread "Finalizer"                  daemon [_thread_blocked, id=19904, stack(0x000000ec50b00000,0x000000ec50c00000) (1024K)]
  0x000002eac91cf680 JavaThread "Signal Dispatcher"          daemon [_thread_blocked, id=20200, stack(0x000000ec50c00000,0x000000ec50d00000) (1024K)]
  0x000002eac91d0d80 JavaThread "Attach Listener"            daemon [_thread_blocked, id=4080, stack(0x000000ec50d00000,0x000000ec50e00000) (1024K)]
  0x000002eac91d2ca0 JavaThread "Service Thread"             daemon [_thread_blocked, id=5664, stack(0x000000ec50e00000,0x000000ec50f00000) (1024K)]
  0x000002eac91d36f0 JavaThread "Monitor Deflation Thread"   daemon [_thread_blocked, id=22412, stack(0x000000ec50f00000,0x000000ec51000000) (1024K)]
=>0x000002eac91d4520 JavaThread "C2 CompilerThread0"         daemon [_thread_in_native, id=21228, stack(0x000000ec51000000,0x000000ec51100000) (1024K)]
  0x000002eac924b5a0 JavaThread "C1 CompilerThread0"         daemon [_thread_blocked, id=18548, stack(0x000000ec51100000,0x000000ec51200000) (1024K)]
  0x000002eab4f11c00 JavaThread "Common-Cleaner"             daemon [_thread_blocked, id=224, stack(0x000000ec51200000,0x000000ec51300000) (1024K)]
  0x000002eb0f26f3a0 JavaThread "Notification Thread"        daemon [_thread_blocked, id=17560, stack(0x000000ec51300000,0x000000ec51400000) (1024K)]
  0x000002eb0f21e2c0 JavaThread "Active Thread: Equinox Container: e2b2208a-b326-4544-babc-5402dae69d7c"        [_thread_blocked, id=17352, stack(0x000000ec51b00000,0x000000ec51c00000) (1024K)]
  0x000002eb0f10d6b0 JavaThread "Framework Event Dispatcher: Equinox Container: e2b2208a-b326-4544-babc-5402dae69d7c" daemon [_thread_blocked, id=5416, stack(0x000000ec50400000,0x000000ec50500000) (1024K)]
  0x000002eb0f629350 JavaThread "Start Level: Equinox Container: e2b2208a-b326-4544-babc-5402dae69d7c" daemon [_thread_blocked, id=10392, stack(0x000000ec50500000,0x000000ec50600000) (1024K)]
  0x000002eb0f815d70 JavaThread "Refresh Thread: Equinox Container: e2b2208a-b326-4544-babc-5402dae69d7c" daemon [_thread_blocked, id=8584, stack(0x000000ec51700000,0x000000ec51800000) (1024K)]
  0x000002eb0f09f910 JavaThread "Bundle File Closer"         daemon [_thread_blocked, id=17920, stack(0x000000ec51e00000,0x000000ec51f00000) (1024K)]
  0x000002eb0f09ded0 JavaThread "SCR Component Actor"        daemon [_thread_blocked, id=2808, stack(0x000000ec51f00000,0x000000ec52000000) (1024K)]
  0x000002eb0f09ebf0 JavaThread "Worker-JM"                         [_thread_blocked, id=19088, stack(0x000000ec52100000,0x000000ec52200000) (1024K)]
  0x000002eb0f0a0630 JavaThread "Worker-0"                          [_thread_blocked, id=15624, stack(0x000000ec51800000,0x000000ec51900000) (1024K)]
  0x000002eb0f09ffa0 JavaThread "Worker-1"                          [_thread_blocked, id=14736, stack(0x000000ec51900000,0x000000ec51a00000) (1024K)]
  0x000002eb0f0a0cc0 JavaThread "Worker-2"                          [_thread_blocked, id=22500, stack(0x000000ec51a00000,0x000000ec51b00000) (1024K)]
  0x000002eb0f0a1350 JavaThread "Worker-3"                          [_thread_blocked, id=17460, stack(0x000000ec51c00000,0x000000ec51d00000) (1024K)]
  0x000002eb0f09e560 JavaThread "Java indexing"              daemon [_thread_blocked, id=7896, stack(0x000000ec52000000,0x000000ec52100000) (1024K)]
  0x000002eb0f09f280 JavaThread "JNA Cleaner"                daemon [_thread_blocked, id=624, stack(0x000000ec52300000,0x000000ec52400000) (1024K)]
  0x000002eb11aefa40 JavaThread "Worker-4"                          [_thread_blocked, id=18688, stack(0x000000ec52600000,0x000000ec52700000) (1024K)]
  0x000002eb11af0df0 JavaThread "Worker-5"                          [_thread_blocked, id=2628, stack(0x000000ec52700000,0x000000ec52800000) (1024K)]
  0x000002eb11af2ec0 JavaThread "Thread-2"                   daemon [_thread_in_native, id=21532, stack(0x000000ec52800000,0x000000ec52900000) (1024K)]
  0x000002eb11af21a0 JavaThread "Thread-3"                   daemon [_thread_in_native, id=18560, stack(0x000000ec52900000,0x000000ec52a00000) (1024K)]
  0x000002eb11af00d0 JavaThread "Thread-4"                   daemon [_thread_in_native, id=22124, stack(0x000000ec52a00000,0x000000ec52b00000) (1024K)]
  0x000002eb11af3550 JavaThread "Thread-5"                   daemon [_thread_in_native, id=5932, stack(0x000000ec52b00000,0x000000ec52c00000) (1024K)]
  0x000002eb11af0760 JavaThread "Thread-6"                   daemon [_thread_in_native, id=18728, stack(0x000000ec52c00000,0x000000ec52d00000) (1024K)]
  0x000002eb11aed970 JavaThread "pool-2-thread-1"                   [_thread_blocked, id=12364, stack(0x000000ec52d00000,0x000000ec52e00000) (1024K)]
  0x000002eb11af2830 JavaThread "WorkspaceEventsHandler"            [_thread_blocked, id=18504, stack(0x000000ec52e00000,0x000000ec52f00000) (1024K)]
  0x000002eb11aeed20 JavaThread "pool-1-thread-1"                   [_thread_in_native, id=19148, stack(0x000000ec52f00000,0x000000ec53000000) (1024K)]
Total: 34

Other Threads:
  0x000002eab4f62730 VMThread "VM Thread"                           [id=11240, stack(0x000000ec50900000,0x000000ec50a00000) (1024K)]
  0x000002eab4f109e0 WatcherThread "VM Periodic Task Thread"        [id=20452, stack(0x000000ec50800000,0x000000ec50900000) (1024K)]
  0x000002eab4ec02a0 WorkerThread "GC Thread#0"                     [id=18104, stack(0x000000ec50700000,0x000000ec50800000) (1024K)]
  0x000002eb0f603530 WorkerThread "GC Thread#1"                     [id=16952, stack(0x000000ec51400000,0x000000ec51500000) (1024K)]
  0x000002eb0f4bfd90 WorkerThread "GC Thread#2"                     [id=20972, stack(0x000000ec51500000,0x000000ec51600000) (1024K)]
  0x000002eb0f4c0130 WorkerThread "GC Thread#3"                     [id=22428, stack(0x000000ec51600000,0x000000ec51700000) (1024K)]
Total: 6

Threads with active compile tasks:
C2 CompilerThread0  149027 7113       4       java.util.Arrays::copyOf (33 bytes)
Total: 1

VM state: not at safepoint (normal execution)

VM Mutex/Monitor currently owned by a thread: None

Heap address: 0x00000000c0000000, size: 1024 MB, Compressed Oops mode: 32-bit

CDS archive(s) mapped at: [0x000002eaca000000-0x000002eacaba0000-0x000002eacaba0000), size 12189696, SharedBaseAddress: 0x000002eaca000000, ArchiveRelocationMode: 1.
Compressed class space mapped at: 0x000002eacb000000-0x000002eb0b000000, reserved size: 1073741824
Narrow klass base: 0x000002eaca000000, Narrow klass shift: 0, Narrow klass range: 0x100000000

GC Precious Log:
 CardTable entry size: 512
 CPUs: 4 total, 4 available
 Memory: 6041M
 Large Page Support: Disabled
 NUMA Support: Disabled
 Compressed Oops: Enabled (32-bit)
 Alignments: Space 512K, Generation 512K, Heap 2M
 Heap Min Capacity: 100M
 Heap Initial Capacity: 100M
 Heap Max Capacity: 1G
 Pre-touch: Disabled
 Parallel Workers: 4

Heap:
 PSYoungGen      total 20480K, used 4372K [0x00000000eab00000, 0x00000000ec180000, 0x0000000100000000)
  eden space 18944K, 15% used [0x00000000eab00000,0x00000000eadc7948,0x00000000ebd80000)
  from space 1536K, 99% used [0x00000000ebf00000,0x00000000ec07d7c0,0x00000000ec080000)
  to   space 1024K, 0% used [0x00000000ec080000,0x00000000ec080000,0x00000000ec180000)
 ParOldGen       total 68608K, used 25104K [0x00000000c0000000, 0x00000000c4300000, 0x00000000eab00000)
  object space 68608K, 36% used [0x00000000c0000000,0x00000000c1884080,0x00000000c4300000)
 Metaspace       used 49510K, committed 50624K, reserved 1114112K
  class space    used 5276K, committed 5760K, reserved 1048576K

Card table byte_map: [0x000002eab4880000,0x000002eab4a90000] _byte_map_base: 0x000002eab4280000

Marking Bits: (ParMarkBitMap*) 0x00007ffbc7793260
 Begin Bits: [0x000002eac70a0000, 0x000002eac80a0000)
 End Bits:   [0x000002eac80a0000, 0x000002eac90a0000)

Polling page: 0x000002eab4670000

Metaspace:

Usage:
  Non-class:     43.20 MB used.
      Class:      5.15 MB used.
       Both:     48.35 MB used.

Virtual space:
  Non-class space:       64.00 MB reserved,      43.81 MB ( 68%) committed,  1 nodes.
      Class space:        1.00 GB reserved,       5.62 MB ( <1%) committed,  1 nodes.
             Both:        1.06 GB reserved,      49.44 MB (  5%) committed. 

Chunk freelists:
   Non-Class:  3.95 MB
       Class:  10.23 MB
        Both:  14.18 MB

MaxMetaspaceSize: unlimited
CompressedClassSpaceSize: 1.00 GB
Initial GC threshold: 21.00 MB
Current GC threshold: 58.38 MB
CDS: on
 - commit_granule_bytes: 65536.
 - commit_granule_words: 8192.
 - virtual_space_node_default_size: 8388608.
 - enlarge_chunks_in_place: 1.
 - use_allocation_guard: 0.


Internal statistics:

num_allocs_failed_limit: 6.
num_arena_births: 760.
num_arena_deaths: 16.
num_vsnodes_births: 2.
num_vsnodes_deaths: 0.
num_space_committed: 791.
num_space_uncommitted: 0.
num_chunks_returned_to_freelist: 22.
num_chunks_taken_from_freelist: 2741.
num_chunk_merges: 12.
num_chunk_splits: 1730.
num_chunks_enlarged: 999.
num_inconsistent_stats: 0.

CodeHeap 'non-profiled nmethods': size=120000Kb used=3442Kb max_used=3442Kb free=116557Kb
 bounds [0x000002eabfb70000, 0x000002eabfed0000, 0x000002eac70a0000]
CodeHeap 'profiled nmethods': size=120000Kb used=13456Kb max_used=13456Kb free=106543Kb
 bounds [0x000002eab80a0000, 0x000002eab8dd0000, 0x000002eabf5d0000]
CodeHeap 'non-nmethods': size=5760Kb used=1404Kb max_used=1459Kb free=4355Kb
 bounds [0x000002eabf5d0000, 0x000002eabf840000, 0x000002eabfb70000]
 total_blobs=7126 nmethods=6424 adapters=607
 compilation: enabled
              stopped_count=0, restarted_count=0
 full_count=0

Compilation events (20 events):
Event: 144.212 Thread 0x000002eac91d4520 nmethod 7103 0x000002eabfecbf10 code [0x000002eabfecc0a0, 0x000002eabfecc3a0]
Event: 144.218 Thread 0x000002eac924b5a0 7104       3       org.eclipse.osgi.container.builders.OSGiManifestBuilderFactory::checkImportExportSyntax (454 bytes)
Event: 144.256 Thread 0x000002eac924b5a0 nmethod 7104 0x000002eab8dbb410 code [0x000002eab8dbbc80, 0x000002eab8dbfde0]
Event: 144.256 Thread 0x000002eac924b5a0 7105       3       java.util.concurrent.locks.ReentrantReadWriteLock$NonfairSync::readerShouldBlock (5 bytes)
Event: 144.257 Thread 0x000002eac924b5a0 nmethod 7105 0x000002eab8dc1910 code [0x000002eab8dc1ac0, 0x000002eab8dc1bf8]
Event: 144.257 Thread 0x000002eac924b5a0 7106       3       java.util.Calendar::isFieldSet (14 bytes)
Event: 144.257 Thread 0x000002eac924b5a0 nmethod 7106 0x000002eab8dc1c90 code [0x000002eab8dc1e20, 0x000002eab8dc1f68]
Event: 145.245 Thread 0x000002eac924b5a0 7107       3       java.util.concurrent.locks.AbstractQueuedSynchronizer::apparentlyFirstQueuedIsExclusive (38 bytes)
Event: 145.247 Thread 0x000002eac924b5a0 nmethod 7107 0x000002eab8dc2010 code [0x000002eab8dc21c0, 0x000002eab8dc24b0]
Event: 145.248 Thread 0x000002eac924b5a0 7108       3       org.eclipse.osgi.container.ModuleDatabase::writeLock (32 bytes)
Event: 145.252 Thread 0x000002eac924b5a0 nmethod 7108 0x000002eab8dc2590 code [0x000002eab8dc2780, 0x000002eab8dc2c00]
Event: 145.252 Thread 0x000002eac924b5a0 7109       3       org.eclipse.osgi.container.ModuleDatabase::writeUnlock (11 bytes)
Event: 145.254 Thread 0x000002eac924b5a0 nmethod 7109 0x000002eab8dc2e10 code [0x000002eab8dc2fe0, 0x000002eab8dc33c8]
Event: 145.254 Thread 0x000002eac91d4520 7110       4       java.util.ArrayDeque::add (7 bytes)
Event: 145.267 Thread 0x000002eac91d4520 nmethod 7110 0x000002eabfecc510 code [0x000002eabfecc6a0, 0x000002eabfecc838]
Event: 147.833 Thread 0x000002eac924b5a0 7111       3       java.lang.Runtime$Version::feature (17 bytes)
Event: 147.833 Thread 0x000002eac924b5a0 nmethod 7111 0x000002eab8dc3590 code [0x000002eab8dc3740, 0x000002eab8dc3a30]
Event: 148.618 Thread 0x000002eac924b5a0 7112       3       org.eclipse.osgi.storage.ManifestLocalization$EmptyResouceBundle::isEmpty (22 bytes)
Event: 148.618 Thread 0x000002eac924b5a0 nmethod 7112 0x000002eab8dc3b10 code [0x000002eab8dc3ce0, 0x000002eab8dc4020]
Event: 148.679 Thread 0x000002eac91d4520 7113       4       java.util.Arrays::copyOf (33 bytes)

GC Heap History (20 events):
Event: 91.304 GC heap before
{Heap before GC invocations=14 (full 1):
 PSYoungGen      total 23040K, used 22779K [0x00000000eab00000, 0x00000000ec600000, 0x0000000100000000)
  eden space 22016K, 100% used [0x00000000eab00000,0x00000000ec080000,0x00000000ec080000)
  from space 1024K, 74% used [0x00000000ec500000,0x00000000ec5bec40,0x00000000ec600000)
  to   space 1536K, 0% used [0x00000000ec300000,0x00000000ec300000,0x00000000ec480000)
 ParOldGen       total 68608K, used 15577K [0x00000000c0000000, 0x00000000c4300000, 0x00000000eab00000)
  object space 68608K, 22% used [0x00000000c0000000,0x00000000c0f36750,0x00000000c4300000)
 Metaspace       used 31444K, committed 32320K, reserved 1114112K
  class space    used 3112K, committed 3456K, reserved 1048576K
}
Event: 91.309 GC heap after
{Heap after GC invocations=14 (full 1):
 PSYoungGen      total 23040K, used 1019K [0x00000000eab00000, 0x00000000ec580000, 0x0000000100000000)
  eden space 22016K, 0% used [0x00000000eab00000,0x00000000eab00000,0x00000000ec080000)
  from space 1024K, 99% used [0x00000000ec300000,0x00000000ec3fec88,0x00000000ec400000)
  to   space 1536K, 0% used [0x00000000ec400000,0x00000000ec400000,0x00000000ec580000)
 ParOldGen       total 68608K, used 16017K [0x00000000c0000000, 0x00000000c4300000, 0x00000000eab00000)
  object space 68608K, 23% used [0x00000000c0000000,0x00000000c0fa4790,0x00000000c4300000)
 Metaspace       used 31444K, committed 32320K, reserved 1114112K
  class space    used 3112K, committed 3456K, reserved 1048576K
}
Event: 92.832 GC heap before
{Heap before GC invocations=15 (full 1):
 PSYoungGen      total 23040K, used 23035K [0x00000000eab00000, 0x00000000ec580000, 0x0000000100000000)
  eden space 22016K, 100% used [0x00000000eab00000,0x00000000ec080000,0x00000000ec080000)
  from space 1024K, 99% used [0x00000000ec300000,0x00000000ec3fec88,0x00000000ec400000)
  to   space 1536K, 0% used [0x00000000ec400000,0x00000000ec400000,0x00000000ec580000)
 ParOldGen       total 68608K, used 16017K [0x00000000c0000000, 0x00000000c4300000, 0x00000000eab00000)
  object space 68608K, 23% used [0x00000000c0000000,0x00000000c0fa4790,0x00000000c4300000)
 Metaspace       used 34666K, committed 35648K, reserved 1114112K
  class space    used 3479K, committed 3904K, reserved 1048576K
}
Event: 92.836 GC heap after
{Heap after GC invocations=15 (full 1):
 PSYoungGen      total 23552K, used 1162K [0x00000000eab00000, 0x00000000ec580000, 0x0000000100000000)
  eden space 22016K, 0% used [0x00000000eab00000,0x00000000eab00000,0x00000000ec080000)
  from space 1536K, 75% used [0x00000000ec400000,0x00000000ec5228e0,0x00000000ec580000)
  to   space 1536K, 0% used [0x00000000ec280000,0x00000000ec280000,0x00000000ec400000)
 ParOldGen       total 68608K, used 16896K [0x00000000c0000000, 0x00000000c4300000, 0x00000000eab00000)
  object space 68608K, 24% used [0x00000000c0000000,0x00000000c1080330,0x00000000c4300000)
 Metaspace       used 34666K, committed 35648K, reserved 1114112K
  class space    used 3479K, committed 3904K, reserved 1048576K
}
Event: 92.991 GC heap before
{Heap before GC invocations=16 (full 1):
 PSYoungGen      total 23552K, used 3740K [0x00000000eab00000, 0x00000000ec580000, 0x0000000100000000)
  eden space 22016K, 11% used [0x00000000eab00000,0x00000000ead84800,0x00000000ec080000)
  from space 1536K, 75% used [0x00000000ec400000,0x00000000ec5228e0,0x00000000ec580000)
  to   space 1536K, 0% used [0x00000000ec280000,0x00000000ec280000,0x00000000ec400000)
 ParOldGen       total 68608K, used 16896K [0x00000000c0000000, 0x00000000c4300000, 0x00000000eab00000)
  object space 68608K, 24% used [0x00000000c0000000,0x00000000c1080330,0x00000000c4300000)
 Metaspace       used 34905K, committed 35840K, reserved 1114112K
  class space    used 3514K, committed 3904K, reserved 1048576K
}
Event: 92.995 GC heap after
{Heap after GC invocations=16 (full 1):
 PSYoungGen      total 22528K, used 224K [0x00000000eab00000, 0x00000000ec480000, 0x0000000100000000)
  eden space 22016K, 0% used [0x00000000eab00000,0x00000000eab00000,0x00000000ec080000)
  from space 512K, 43% used [0x00000000ec280000,0x00000000ec2b8000,0x00000000ec300000)
  to   space 1024K, 0% used [0x00000000ec380000,0x00000000ec380000,0x00000000ec480000)
 ParOldGen       total 68608K, used 17959K [0x00000000c0000000, 0x00000000c4300000, 0x00000000eab00000)
  object space 68608K, 26% used [0x00000000c0000000,0x00000000c1189fb8,0x00000000c4300000)
 Metaspace       used 34905K, committed 35840K, reserved 1114112K
  class space    used 3514K, committed 3904K, reserved 1048576K
}
Event: 92.995 GC heap before
{Heap before GC invocations=17 (full 2):
 PSYoungGen      total 22528K, used 224K [0x00000000eab00000, 0x00000000ec480000, 0x0000000100000000)
  eden space 22016K, 0% used [0x00000000eab00000,0x00000000eab00000,0x00000000ec080000)
  from space 512K, 43% used [0x00000000ec280000,0x00000000ec2b8000,0x00000000ec300000)
  to   space 1024K, 0% used [0x00000000ec380000,0x00000000ec380000,0x00000000ec480000)
 ParOldGen       total 68608K, used 17959K [0x00000000c0000000, 0x00000000c4300000, 0x00000000eab00000)
  object space 68608K, 26% used [0x00000000c0000000,0x00000000c1189fb8,0x00000000c4300000)
 Metaspace       used 34905K, committed 35840K, reserved 1114112K
  class space    used 3514K, committed 3904K, reserved 1048576K
}
Event: 93.079 GC heap after
{Heap after GC invocations=17 (full 2):
 PSYoungGen      total 22528K, used 0K [0x00000000eab00000, 0x00000000ec480000, 0x0000000100000000)
  eden space 22016K, 0% used [0x00000000eab00000,0x00000000eab00000,0x00000000ec080000)
  from space 512K, 0% used [0x00000000ec280000,0x00000000ec280000,0x00000000ec300000)
  to   space 1024K, 0% used [0x00000000ec380000,0x00000000ec380000,0x00000000ec480000)
 ParOldGen       total 68608K, used 17487K [0x00000000c0000000, 0x00000000c4300000, 0x00000000eab00000)
  object space 68608K, 25% used [0x00000000c0000000,0x00000000c1113d00,0x00000000c4300000)
 Metaspace       used 34904K, committed 35840K, reserved 1114112K
  class space    used 3513K, committed 3904K, reserved 1048576K
}
Event: 95.029 GC heap before
{Heap before GC invocations=18 (full 2):
 PSYoungGen      total 22528K, used 22016K [0x00000000eab00000, 0x00000000ec480000, 0x0000000100000000)
  eden space 22016K, 100% used [0x00000000eab00000,0x00000000ec080000,0x00000000ec080000)
  from space 512K, 0% used [0x00000000ec280000,0x00000000ec280000,0x00000000ec300000)
  to   space 1024K, 0% used [0x00000000ec380000,0x00000000ec380000,0x00000000ec480000)
 ParOldGen       total 68608K, used 17487K [0x00000000c0000000, 0x00000000c4300000, 0x00000000eab00000)
  object space 68608K, 25% used [0x00000000c0000000,0x00000000c1113d00,0x00000000c4300000)
 Metaspace       used 37797K, committed 38848K, reserved 1114112K
  class space    used 3878K, committed 4288K, reserved 1048576K
}
Event: 95.037 GC heap after
{Heap after GC invocations=18 (full 2):
 PSYoungGen      total 23040K, used 1009K [0x00000000eab00000, 0x00000000ec480000, 0x0000000100000000)
  eden space 22016K, 0% used [0x00000000eab00000,0x00000000eab00000,0x00000000ec080000)
  from space 1024K, 98% used [0x00000000ec380000,0x00000000ec47c440,0x00000000ec480000)
  to   space 2048K, 0% used [0x00000000ec080000,0x00000000ec080000,0x00000000ec280000)
 ParOldGen       total 68608K, used 17980K [0x00000000c0000000, 0x00000000c4300000, 0x00000000eab00000)
  object space 68608K, 26% used [0x00000000c0000000,0x00000000c118f120,0x00000000c4300000)
 Metaspace       used 37797K, committed 38848K, reserved 1114112K
  class space    used 3878K, committed 4288K, reserved 1048576K
}
Event: 96.592 GC heap before
{Heap before GC invocations=19 (full 2):
 PSYoungGen      total 23040K, used 23025K [0x00000000eab00000, 0x00000000ec480000, 0x0000000100000000)
  eden space 22016K, 100% used [0x00000000eab00000,0x00000000ec080000,0x00000000ec080000)
  from space 1024K, 98% used [0x00000000ec380000,0x00000000ec47c440,0x00000000ec480000)
  to   space 2048K, 0% used [0x00000000ec080000,0x00000000ec080000,0x00000000ec280000)
 ParOldGen       total 68608K, used 17980K [0x00000000c0000000, 0x00000000c4300000, 0x00000000eab00000)
  object space 68608K, 26% used [0x00000000c0000000,0x00000000c118f120,0x00000000c4300000)
 Metaspace       used 40695K, committed 41664K, reserved 1114112K
  class space    used 4238K, committed 4608K, reserved 1048576K
}
Event: 96.602 GC heap after
{Heap after GC invocations=19 (full 2):
 PSYoungGen      total 24064K, used 1476K [0x00000000eab00000, 0x00000000ec400000, 0x0000000100000000)
  eden space 22016K, 0% used [0x00000000eab00000,0x00000000eab00000,0x00000000ec080000)
  from space 2048K, 72% used [0x00000000ec080000,0x00000000ec1f10a0,0x00000000ec280000)
  to   space 1536K, 0% used [0x00000000ec280000,0x00000000ec280000,0x00000000ec400000)
 ParOldGen       total 68608K, used 18932K [0x00000000c0000000, 0x00000000c4300000, 0x00000000eab00000)
  object space 68608K, 27% used [0x00000000c0000000,0x00000000c127d120,0x00000000c4300000)
 Metaspace       used 40695K, committed 41664K, reserved 1114112K
  class space    used 4238K, committed 4608K, reserved 1048576K
}
Event: 97.515 GC heap before
{Heap before GC invocations=20 (full 2):
 PSYoungGen      total 24064K, used 23492K [0x00000000eab00000, 0x00000000ec400000, 0x0000000100000000)
  eden space 22016K, 100% used [0x00000000eab00000,0x00000000ec080000,0x00000000ec080000)
  from space 2048K, 72% used [0x00000000ec080000,0x00000000ec1f10a0,0x00000000ec280000)
  to   space 1536K, 0% used [0x00000000ec280000,0x00000000ec280000,0x00000000ec400000)
 ParOldGen       total 68608K, used 18932K [0x00000000c0000000, 0x00000000c4300000, 0x00000000eab00000)
  object space 68608K, 27% used [0x00000000c0000000,0x00000000c127d120,0x00000000c4300000)
 Metaspace       used 43173K, committed 44224K, reserved 1114112K
  class space    used 4533K, committed 4928K, reserved 1048576K
}
Event: 97.525 GC heap after
{Heap after GC invocations=20 (full 2):
 PSYoungGen      total 20480K, used 1522K [0x00000000eab00000, 0x00000000eca80000, 0x0000000100000000)
  eden space 18944K, 0% used [0x00000000eab00000,0x00000000eab00000,0x00000000ebd80000)
  from space 1536K, 99% used [0x00000000ec280000,0x00000000ec3fca88,0x00000000ec400000)
  to   space 5120K, 0% used [0x00000000ebd80000,0x00000000ebd80000,0x00000000ec280000)
 ParOldGen       total 68608K, used 21645K [0x00000000c0000000, 0x00000000c4300000, 0x00000000eab00000)
  object space 68608K, 31% used [0x00000000c0000000,0x00000000c1523618,0x00000000c4300000)
 Metaspace       used 43173K, committed 44224K, reserved 1114112K
  class space    used 4533K, committed 4928K, reserved 1048576K
}
Event: 98.669 GC heap before
{Heap before GC invocations=21 (full 2):
 PSYoungGen      total 20480K, used 20466K [0x00000000eab00000, 0x00000000eca80000, 0x0000000100000000)
  eden space 18944K, 100% used [0x00000000eab00000,0x00000000ebd80000,0x00000000ebd80000)
  from space 1536K, 99% used [0x00000000ec280000,0x00000000ec3fca88,0x00000000ec400000)
  to   space 5120K, 0% used [0x00000000ebd80000,0x00000000ebd80000,0x00000000ec280000)
 ParOldGen       total 68608K, used 21645K [0x00000000c0000000, 0x00000000c4300000, 0x00000000eab00000)
  object space 68608K, 31% used [0x00000000c0000000,0x00000000c1523618,0x00000000c4300000)
 Metaspace       used 45925K, committed 46976K, reserved 1114112K
  class space    used 4834K, committed 5248K, reserved 1048576K
}
Event: 98.678 GC heap after
{Heap after GC invocations=21 (full 2):
 PSYoungGen      total 20992K, used 1680K [0x00000000eab00000, 0x00000000ec380000, 0x0000000100000000)
  eden space 18944K, 0% used [0x00000000eab00000,0x00000000eab00000,0x00000000ebd80000)
  from space 2048K, 82% used [0x00000000ebd80000,0x00000000ebf24010,0x00000000ebf80000)
  to   space 3072K, 0% used [0x00000000ec080000,0x00000000ec080000,0x00000000ec380000)
 ParOldGen       total 68608K, used 22666K [0x00000000c0000000, 0x00000000c4300000, 0x00000000eab00000)
  object space 68608K, 33% used [0x00000000c0000000,0x00000000c1622848,0x00000000c4300000)
 Metaspace       used 45925K, committed 46976K, reserved 1114112K
  class space    used 4834K, committed 5248K, reserved 1048576K
}
Event: 112.133 GC heap before
{Heap before GC invocations=22 (full 2):
 PSYoungGen      total 20992K, used 20623K [0x00000000eab00000, 0x00000000ec380000, 0x0000000100000000)
  eden space 18944K, 99% used [0x00000000eab00000,0x00000000ebd7ffd8,0x00000000ebd80000)
  from space 2048K, 82% used [0x00000000ebd80000,0x00000000ebf24010,0x00000000ebf80000)
  to   space 3072K, 0% used [0x00000000ec080000,0x00000000ec080000,0x00000000ec380000)
 ParOldGen       total 68608K, used 22666K [0x00000000c0000000, 0x00000000c4300000, 0x00000000eab00000)
  object space 68608K, 33% used [0x00000000c0000000,0x00000000c1622848,0x00000000c4300000)
 Metaspace       used 48560K, committed 49664K, reserved 1114112K
  class space    used 5167K, committed 5632K, reserved 1048576K
}
Event: 112.142 GC heap after
{Heap after GC invocations=22 (full 2):
 PSYoungGen      total 20480K, used 1038K [0x00000000eab00000, 0x00000000ec200000, 0x0000000100000000)
  eden space 18944K, 0% used [0x00000000eab00000,0x00000000eab00000,0x00000000ebd80000)
  from space 1536K, 67% used [0x00000000ec080000,0x00000000ec183a40,0x00000000ec200000)
  to   space 1536K, 0% used [0x00000000ebf00000,0x00000000ebf00000,0x00000000ec080000)
 ParOldGen       total 68608K, used 24211K [0x00000000c0000000, 0x00000000c4300000, 0x00000000eab00000)
  object space 68608K, 35% used [0x00000000c0000000,0x00000000c17a4ff8,0x00000000c4300000)
 Metaspace       used 48560K, committed 49664K, reserved 1114112K
  class space    used 5167K, committed 5632K, reserved 1048576K
}
Event: 134.208 GC heap before
{Heap before GC invocations=23 (full 2):
 PSYoungGen      total 20480K, used 19982K [0x00000000eab00000, 0x00000000ec200000, 0x0000000100000000)
  eden space 18944K, 100% used [0x00000000eab00000,0x00000000ebd80000,0x00000000ebd80000)
  from space 1536K, 67% used [0x00000000ec080000,0x00000000ec183a40,0x00000000ec200000)
  to   space 1536K, 0% used [0x00000000ebf00000,0x00000000ebf00000,0x00000000ec080000)
 ParOldGen       total 68608K, used 24211K [0x00000000c0000000, 0x00000000c4300000, 0x00000000eab00000)
  object space 68608K, 35% used [0x00000000c0000000,0x00000000c17a4ff8,0x00000000c4300000)
 Metaspace       used 49503K, committed 50560K, reserved 1114112K
  class space    used 5276K, committed 5760K, reserved 1048576K
}
Event: 134.216 GC heap after
{Heap after GC invocations=23 (full 2):
 PSYoungGen      total 20480K, used 1525K [0x00000000eab00000, 0x00000000ec180000, 0x0000000100000000)
  eden space 18944K, 0% used [0x00000000eab00000,0x00000000eab00000,0x00000000ebd80000)
  from space 1536K, 99% used [0x00000000ebf00000,0x00000000ec07d7c0,0x00000000ec080000)
  to   space 1024K, 0% used [0x00000000ec080000,0x00000000ec080000,0x00000000ec180000)
 ParOldGen       total 68608K, used 25104K [0x00000000c0000000, 0x00000000c4300000, 0x00000000eab00000)
  object space 68608K, 36% used [0x00000000c0000000,0x00000000c1884080,0x00000000c4300000)
 Metaspace       used 49503K, committed 50560K, reserved 1114112K
  class space    used 5276K, committed 5760K, reserved 1048576K
}

Dll operation events (14 events):
Event: 0.042 Loaded shared library c:\Users\Bienvenu OUEDRAOGO\.vscode\extensions\redhat.java-1.41.1-win32-x64\jre\21.0.6-win32-x86_64\bin\java.dll
Event: 0.549 Loaded shared library c:\Users\Bienvenu OUEDRAOGO\.vscode\extensions\redhat.java-1.41.1-win32-x64\jre\21.0.6-win32-x86_64\bin\zip.dll
Event: 0.703 Loaded shared library C:\Users\Bienvenu OUEDRAOGO\.vscode\extensions\redhat.java-1.41.1-win32-x64\jre\21.0.6-win32-x86_64\bin\instrument.dll
Event: 0.802 Loaded shared library C:\Users\Bienvenu OUEDRAOGO\.vscode\extensions\redhat.java-1.41.1-win32-x64\jre\21.0.6-win32-x86_64\bin\net.dll
Event: 0.922 Loaded shared library C:\Users\Bienvenu OUEDRAOGO\.vscode\extensions\redhat.java-1.41.1-win32-x64\jre\21.0.6-win32-x86_64\bin\nio.dll
Event: 0.940 Loaded shared library C:\Users\Bienvenu OUEDRAOGO\.vscode\extensions\redhat.java-1.41.1-win32-x64\jre\21.0.6-win32-x86_64\bin\zip.dll
Event: 1.365 Loaded shared library C:\Users\Bienvenu OUEDRAOGO\.vscode\extensions\redhat.java-1.41.1-win32-x64\jre\21.0.6-win32-x86_64\bin\jimage.dll
Event: 2.274 Loaded shared library c:\Users\Bienvenu OUEDRAOGO\.vscode\extensions\redhat.java-1.41.1-win32-x64\jre\21.0.6-win32-x86_64\bin\verify.dll
Event: 67.415 Loaded shared library C:\Users\Bienvenu OUEDRAOGO\AppData\Roaming\Code\User\globalStorage\redhat.java\1.41.1\config_win\org.eclipse.equinox.launcher\org.eclipse.equinox.launcher.win32.win32.x86_64_1.2.1300.v20250331-1702\eclipse_11911.dll
Event: 77.890 Loaded shared library C:\Users\Bienvenu OUEDRAOGO\.vscode\extensions\redhat.java-1.41.1-win32-x64\jre\21.0.6-win32-x86_64\bin\management.dll
Event: 77.895 Loaded shared library C:\Users\Bienvenu OUEDRAOGO\.vscode\extensions\redhat.java-1.41.1-win32-x64\jre\21.0.6-win32-x86_64\bin\management_ext.dll
Event: 94.528 Loaded shared library C:\Users\Bienvenu OUEDRAOGO\AppData\Local\Temp\jna-1907220329\jna8310817852130012562.dll
Event: 98.707 Loaded shared library C:\Users\Bienvenu OUEDRAOGO\.vscode\extensions\redhat.java-1.41.1-win32-x64\jre\21.0.6-win32-x86_64\bin\sunmscapi.dll
Event: 99.846 Loaded shared library C:\Users\Bienvenu OUEDRAOGO\.vscode\extensions\redhat.java-1.41.1-win32-x64\jre\21.0.6-win32-x86_64\bin\extnet.dll

Deoptimization events (20 events):
Event: 133.775 Thread 0x000002eb0f21e2c0 DEOPT PACKING pc=0x000002eab8399a50 sp=0x000000ec51bfea90
Event: 133.775 Thread 0x000002eb0f21e2c0 DEOPT UNPACKING pc=0x000002eabf624242 sp=0x000000ec51bfdfe8 mode 0
Event: 133.776 Thread 0x000002eb0f21e2c0 DEOPT PACKING pc=0x000002eab8399a50 sp=0x000000ec51bfea90
Event: 133.776 Thread 0x000002eb0f21e2c0 DEOPT UNPACKING pc=0x000002eabf624242 sp=0x000000ec51bfdfe8 mode 0
Event: 133.779 Thread 0x000002eb0f21e2c0 DEOPT PACKING pc=0x000002eab8399a50 sp=0x000000ec51bfea90
Event: 133.780 Thread 0x000002eb0f21e2c0 DEOPT UNPACKING pc=0x000002eabf624242 sp=0x000000ec51bfdfe8 mode 0
Event: 133.783 Thread 0x000002eb0f21e2c0 Uncommon trap: trap_request=0xffffff45 fr.pc=0x000002eabfe2c984 relative=0x00000000000001e4
Event: 133.783 Thread 0x000002eb0f21e2c0 Uncommon trap: reason=unstable_if action=reinterpret pc=0x000002eabfe2c984 method=org.osgi.framework.Version.equals(Ljava/lang/Object;)Z @ 51 c2
Event: 133.783 Thread 0x000002eb0f21e2c0 DEOPT PACKING pc=0x000002eabfe2c984 sp=0x000000ec51bfead0
Event: 133.783 Thread 0x000002eb0f21e2c0 DEOPT UNPACKING pc=0x000002eabf623aa2 sp=0x000000ec51bfea50 mode 2
Event: 133.937 Thread 0x000002eb0f21e2c0 Uncommon trap: trap_request=0xffffff45 fr.pc=0x000002eabfe6be88 relative=0x0000000000000068
Event: 133.937 Thread 0x000002eb0f21e2c0 Uncommon trap: reason=unstable_if action=reinterpret pc=0x000002eabfe6be88 method=java.util.concurrent.locks.AbstractQueuedSynchronizer.apparentlyFirstQueuedIsExclusive()Z @ 6 c2
Event: 133.938 Thread 0x000002eb0f21e2c0 DEOPT PACKING pc=0x000002eabfe6be88 sp=0x000000ec51bfea40
Event: 133.938 Thread 0x000002eb0f21e2c0 DEOPT UNPACKING pc=0x000002eabf623aa2 sp=0x000000ec51bfe968 mode 2
Event: 133.938 Thread 0x000002eb0f21e2c0 Uncommon trap: trap_request=0xffffff45 fr.pc=0x000002eabfe6c188 relative=0x0000000000000068
Event: 133.938 Thread 0x000002eb0f21e2c0 Uncommon trap: reason=unstable_if action=reinterpret pc=0x000002eabfe6c188 method=java.util.concurrent.locks.AbstractQueuedSynchronizer.apparentlyFirstQueuedIsExclusive()Z @ 6 c2
Event: 133.938 Thread 0x000002eb0f21e2c0 DEOPT PACKING pc=0x000002eabfe6c188 sp=0x000000ec51bfe960
Event: 133.938 Thread 0x000002eb0f21e2c0 DEOPT UNPACKING pc=0x000002eabf623aa2 sp=0x000000ec51bfe8f0 mode 2
Event: 144.204 Thread 0x000002eb11aeed20 DEOPT PACKING pc=0x000002eab8c22846 sp=0x000000ec52ffd810
Event: 144.204 Thread 0x000002eb11aeed20 DEOPT UNPACKING pc=0x000002eabf624242 sp=0x000000ec52ffcd90 mode 0

Classes loaded (20 events):
Event: 114.078 Loading class sun/net/www/http/KeepAliveStreamCleaner
Event: 114.079 Loading class sun/net/www/http/KeepAliveStreamCleaner done
Event: 114.083 Loading class sun/net/www/http/KeepAliveStreamCleaner$1
Event: 114.083 Loading class sun/net/www/http/KeepAliveStreamCleaner$1 done
Event: 114.084 Loading class sun/net/www/http/KeepAliveStreamCleaner$2
Event: 114.084 Loading class sun/net/www/http/KeepAliveStreamCleaner$2 done
Event: 114.084 Loading class sun/net/www/protocol/http/HttpURLConnection$HttpInputStream
Event: 114.085 Loading class sun/net/www/protocol/http/HttpURLConnection$HttpInputStream done
Event: 114.796 Loading class sun/net/www/http/KeepAliveCache$1
Event: 114.796 Loading class sun/net/www/http/KeepAliveCache$1 done
Event: 114.796 Loading class sun/net/www/http/KeepAliveCache$ClientVector
Event: 114.797 Loading class sun/net/www/http/KeepAliveCache$ClientVector done
Event: 114.801 Loading class sun/net/www/http/KeepAliveEntry
Event: 114.801 Loading class sun/net/www/http/KeepAliveEntry done
Event: 119.803 Loading class sun/security/ssl/Alert
Event: 119.805 Loading class sun/security/ssl/Alert done
Event: 119.806 Loading class sun/security/ssl/Alert$AlertConsumer
Event: 119.806 Loading class sun/security/ssl/Alert$AlertConsumer done
Event: 119.806 Loading class sun/security/ssl/Alert$Level
Event: 119.807 Loading class sun/security/ssl/Alert$Level done

Classes unloaded (8 events):
Event: 83.411 Thread 0x000002eab4f62730 Unloading class 0x000002eacb1a9400 'java/lang/invoke/LambdaForm$MH+0x000002eacb1a9400'
Event: 83.411 Thread 0x000002eab4f62730 Unloading class 0x000002eacb1a9000 'java/lang/invoke/LambdaForm$MH+0x000002eacb1a9000'
Event: 83.411 Thread 0x000002eab4f62730 Unloading class 0x000002eacb1a8c00 'java/lang/invoke/LambdaForm$MH+0x000002eacb1a8c00'
Event: 83.411 Thread 0x000002eab4f62730 Unloading class 0x000002eacb1a8800 'java/lang/invoke/LambdaForm$MH+0x000002eacb1a8800'
Event: 83.411 Thread 0x000002eab4f62730 Unloading class 0x000002eacb1a8400 'java/lang/invoke/LambdaForm$BMH+0x000002eacb1a8400'
Event: 83.411 Thread 0x000002eab4f62730 Unloading class 0x000002eacb1a8000 'java/lang/invoke/LambdaForm$DMH+0x000002eacb1a8000'
Event: 83.411 Thread 0x000002eab4f62730 Unloading class 0x000002eacb1a6c00 'java/lang/invoke/LambdaForm$DMH+0x000002eacb1a6c00'
Event: 93.013 Thread 0x000002eab4f62730 Unloading class 0x000002eacb288800 'java/lang/invoke/LambdaForm$DMH+0x000002eacb288800'

Classes redefined (0 events):
No events

Internal exceptions (20 events):
Event: 114.747 Thread 0x000002eb11aeed20 Exception <a 'sun/nio/fs/WindowsException'{0x00000000eb4b7308}> (0x00000000eb4b7308) 
thrown [s\src\hotspot\share\prims\jni.cpp, line 520]
Event: 114.754 Thread 0x000002eb11aeed20 Exception <a 'sun/nio/fs/WindowsException'{0x00000000eb4b8bb8}> (0x00000000eb4b8bb8) 
thrown [s\src\hotspot\share\prims\jni.cpp, line 520]
Event: 114.755 Thread 0x000002eb11aeed20 Exception <a 'sun/nio/fs/WindowsException'{0x00000000eb4b97a8}> (0x00000000eb4b97a8) 
thrown [s\src\hotspot\share\prims\jni.cpp, line 520]
Event: 114.756 Thread 0x000002eb11aeed20 Exception <a 'sun/nio/fs/WindowsException'{0x00000000eb4bae48}> (0x00000000eb4bae48) 
thrown [s\src\hotspot\share\prims\jni.cpp, line 520]
Event: 114.756 Thread 0x000002eb11aeed20 Exception <a 'sun/nio/fs/WindowsException'{0x00000000eb4bba50}> (0x00000000eb4bba50) 
thrown [s\src\hotspot\share\prims\jni.cpp, line 520]
Event: 114.759 Thread 0x000002eb11aeed20 Exception <a 'sun/nio/fs/WindowsException'{0x00000000eb50dc98}> (0x00000000eb50dc98) 
thrown [s\src\hotspot\share\prims\jni.cpp, line 520]
Event: 114.759 Thread 0x000002eb11aeed20 Exception <a 'sun/nio/fs/WindowsException'{0x00000000eb50e828}> (0x00000000eb50e828) 
thrown [s\src\hotspot\share\prims\jni.cpp, line 520]
Event: 114.761 Thread 0x000002eb11aeed20 Exception <a 'sun/nio/fs/WindowsException'{0x00000000eb50fe00}> (0x00000000eb50fe00) 
thrown [s\src\hotspot\share\prims\jni.cpp, line 520]
Event: 114.761 Thread 0x000002eb11aeed20 Exception <a 'sun/nio/fs/WindowsException'{0x00000000eb5109e0}> (0x00000000eb5109e0) 
thrown [s\src\hotspot\share\prims\jni.cpp, line 520]
Event: 114.767 Thread 0x000002eb11aeed20 Exception <a 'sun/nio/fs/WindowsException'{0x00000000eb512058}> (0x00000000eb512058) 
thrown [s\src\hotspot\share\prims\jni.cpp, line 520]
Event: 114.768 Thread 0x000002eb11aeed20 Exception <a 'sun/nio/fs/WindowsException'{0x00000000eb512c48}> (0x00000000eb512c48) 
thrown [s\src\hotspot\share\prims\jni.cpp, line 520]
Event: 114.771 Thread 0x000002eb11aeed20 Exception <a 'sun/nio/fs/WindowsException'{0x00000000eb5142b0}> (0x00000000eb5142b0) 
thrown [s\src\hotspot\share\prims\jni.cpp, line 520]
Event: 114.772 Thread 0x000002eb11aeed20 Exception <a 'sun/nio/fs/WindowsException'{0x00000000eb514ea0}> (0x00000000eb514ea0) 
thrown [s\src\hotspot\share\prims\jni.cpp, line 520]
Event: 114.774 Thread 0x000002eb11aeed20 Exception <a 'sun/nio/fs/WindowsException'{0x00000000eb516540}> (0x00000000eb516540) 
thrown [s\src\hotspot\share\prims\jni.cpp, line 520]
Event: 114.774 Thread 0x000002eb11aeed20 Exception <a 'sun/nio/fs/WindowsException'{0x00000000eb517148}> (0x00000000eb517148) 
thrown [s\src\hotspot\share\prims\jni.cpp, line 520]
Event: 114.775 Thread 0x000002eb11aeed20 Exception <a 'sun/nio/fs/WindowsException'{0x00000000eb5187b8}> (0x00000000eb5187b8) 
thrown [s\src\hotspot\share\prims\jni.cpp, line 520]
Event: 114.775 Thread 0x000002eb11aeed20 Exception <a 'sun/nio/fs/WindowsException'{0x00000000eb5193a8}> (0x00000000eb5193a8) 
thrown [s\src\hotspot\share\prims\jni.cpp, line 520]
Event: 114.780 Thread 0x000002eb11aeed20 Exception <a 'sun/nio/fs/WindowsException'{0x00000000eb51b608}> (0x00000000eb51b608) 
thrown [s\src\hotspot\share\prims\jni.cpp, line 520]
Event: 114.791 Thread 0x000002eb11aeed20 Exception <a 'sun/nio/fs/WindowsException'{0x00000000eb527dd0}> (0x00000000eb527dd0) 
thrown [s\src\hotspot\share\prims\jni.cpp, line 520]
Event: 114.842 Thread 0x000002eb0f0a1350 Exception <a 'java/lang/NoSuchMethodError'{0x00000000eb648580}: 'void java.lang.invoke.DirectMethodHandle$Holder.invokeStaticInit(java.lang.Object, java.lang.Object, java.lang.Object, java.lang.Object)'> (0x00000000eb648580) 
thrown [s\src\hotspot\share\interpreter\linkResolver.cpp, line 773]

ZGC Phase Switch (0 events):
No events

VM Operations (20 events):
Event: 119.850 Executing VM operation: Cleanup
Event: 119.851 Executing VM operation: Cleanup done
Event: 120.502 Executing VM operation: HandshakeAllThreads (HandshakeForDeflation)
Event: 120.502 Executing VM operation: HandshakeAllThreads (HandshakeForDeflation) done
Event: 120.502 Executing VM operation: RendezvousGCThreads
Event: 120.502 Executing VM operation: RendezvousGCThreads done
Event: 132.624 Executing VM operation: Cleanup
Event: 132.624 Executing VM operation: Cleanup done
Event: 133.634 Executing VM operation: Cleanup
Event: 133.635 Executing VM operation: Cleanup done
Event: 134.208 Executing VM operation: ParallelGCFailedAllocation (Allocation Failure)
Event: 134.216 Executing VM operation: ParallelGCFailedAllocation (Allocation Failure) done
Event: 135.224 Executing VM operation: Cleanup
Event: 135.224 Executing VM operation: Cleanup done
Event: 137.240 Executing VM operation: Cleanup
Event: 137.241 Executing VM operation: Cleanup done
Event: 145.328 Executing VM operation: Cleanup
Event: 145.328 Executing VM operation: Cleanup done
Event: 146.334 Executing VM operation: Cleanup
Event: 146.334 Executing VM operation: Cleanup done

Memory protections (0 events):
No events

Nmethod flushes (20 events):
Event: 93.033 Thread 0x000002eab4f62730 flushing  nmethod 0x000002eab87eb710
Event: 93.033 Thread 0x000002eab4f62730 flushing  nmethod 0x000002eab87ecd10
Event: 93.033 Thread 0x000002eab4f62730 flushing  nmethod 0x000002eab87ed290
Event: 93.033 Thread 0x000002eab4f62730 flushing  nmethod 0x000002eab8807190
Event: 93.033 Thread 0x000002eab4f62730 flushing  nmethod 0x000002eab8892b90
Event: 93.033 Thread 0x000002eab4f62730 flushing  nmethod 0x000002eab8893810
Event: 93.033 Thread 0x000002eab4f62730 flushing  nmethod 0x000002eab8894110
Event: 93.033 Thread 0x000002eab4f62730 flushing  nmethod 0x000002eab8895310
Event: 93.033 Thread 0x000002eab4f62730 flushing  nmethod 0x000002eab8896010
Event: 93.033 Thread 0x000002eab4f62730 flushing  nmethod 0x000002eab8896790
Event: 93.033 Thread 0x000002eab4f62730 flushing  nmethod 0x000002eab8897d10
Event: 93.033 Thread 0x000002eab4f62730 flushing  nmethod 0x000002eab8898210
Event: 93.033 Thread 0x000002eab4f62730 flushing  nmethod 0x000002eab8898b10
Event: 93.033 Thread 0x000002eab4f62730 flushing  nmethod 0x000002eab8899b10
Event: 93.033 Thread 0x000002eab4f62730 flushing  nmethod 0x000002eab889b590
Event: 93.033 Thread 0x000002eab4f62730 flushing  nmethod 0x000002eab88a6010
Event: 93.033 Thread 0x000002eab4f62730 flushing  nmethod 0x000002eab88e1590
Event: 93.033 Thread 0x000002eab4f62730 flushing  nmethod 0x000002eab88e1910
Event: 93.033 Thread 0x000002eab4f62730 flushing  nmethod 0x000002eab8949a10
Event: 93.033 Thread 0x000002eab4f62730 flushing  nmethod 0x000002eab8985790

Events (20 events):
Event: 99.510 Thread 0x000002eb11aeed20 Thread added: 0x000002eb11af1480
Event: 99.512 Thread 0x000002eb11aeed20 Thread added: 0x000002eb11af3be0
Event: 99.512 Thread 0x000002eb11aeed20 Thread added: 0x000002eb11aecc50
Event: 99.516 Thread 0x000002eb11aeed20 Thread added: 0x000002eb11af4270
Event: 104.291 Thread 0x000002eb11af3be0 Thread exited: 0x000002eb11af3be0
Event: 104.291 Thread 0x000002eb11af1480 Thread exited: 0x000002eb11af1480
Event: 104.291 Thread 0x000002eb11af4270 Thread exited: 0x000002eb11af4270
Event: 104.292 Thread 0x000002eb11aecc50 Thread exited: 0x000002eb11aecc50
Event: 104.422 Thread 0x000002eb11aeed20 Thread added: 0x000002eb11af4270
Event: 104.422 Thread 0x000002eb11aeed20 Thread added: 0x000002eb11af1b10
Event: 104.423 Thread 0x000002eb11aeed20 Thread added: 0x000002eb11aef3b0
Event: 104.423 Thread 0x000002eb11aeed20 Thread added: 0x000002eb11af1480
Event: 107.400 Thread 0x000002eb11af1b10 Thread exited: 0x000002eb11af1b10
Event: 107.401 Thread 0x000002eb11af1480 Thread exited: 0x000002eb11af1480
Event: 107.401 Thread 0x000002eb11af4270 Thread exited: 0x000002eb11af4270
Event: 107.401 Thread 0x000002eb11aef3b0 Thread exited: 0x000002eb11aef3b0
Event: 113.862 Thread 0x000002eb0f0a1350 Thread added: 0x000002eb11af3be0
Event: 113.994 Thread 0x000002eb11af3be0 Thread exited: 0x000002eb11af3be0
Event: 114.796 Thread 0x000002eb0f0a1350 Thread added: 0x000002eb11aecc50
Event: 124.820 Thread 0x000002eb11aecc50 Thread exited: 0x000002eb11aecc50


Dynamic libraries:
0x00007ff7deca0000 - 0x00007ff7decae000 	c:\Users\Bienvenu OUEDRAOGO\.vscode\extensions\redhat.java-1.41.1-win32-x64\jre\21.0.6-win32-x86_64\bin\java.exe
0x00007ffc243d0000 - 0x00007ffc245c8000 	C:\Windows\SYSTEM32\ntdll.dll
0x00007ffc22e00000 - 0x00007ffc22ec2000 	C:\Windows\System32\KERNEL32.DLL
0x00007ffc21bb0000 - 0x00007ffc21ea6000 	C:\Windows\System32\KERNELBASE.dll
0x00007ffc21ab0000 - 0x00007ffc21bb0000 	C:\Windows\System32\ucrtbase.dll
0x00007ffc17400000 - 0x00007ffc17418000 	c:\Users\Bienvenu OUEDRAOGO\.vscode\extensions\redhat.java-1.41.1-win32-x64\jre\21.0.6-win32-x86_64\bin\jli.dll
0x00007ffc22c60000 - 0x00007ffc22dfd000 	C:\Windows\System32\USER32.dll
0x00007ffc21a30000 - 0x00007ffc21a52000 	C:\Windows\System32\win32u.dll
0x00007ffc225a0000 - 0x00007ffc225cb000 	C:\Windows\System32\GDI32.dll
0x00007ffc21f50000 - 0x00007ffc2206a000 	C:\Windows\System32\gdi32full.dll
0x00007ffc21eb0000 - 0x00007ffc21f4d000 	C:\Windows\System32\msvcp_win.dll
0x00007ffc0da50000 - 0x00007ffc0da6e000 	c:\Users\Bienvenu OUEDRAOGO\.vscode\extensions\redhat.java-1.41.1-win32-x64\jre\21.0.6-win32-x86_64\bin\VCRUNTIME140.dll
0x00007ffc0e450000 - 0x00007ffc0e6ea000 	C:\Windows\WinSxS\amd64_microsoft.windows.common-controls_6595b64144ccf1df_6.0.19041.4355_none_60b8b9eb71f62e16\COMCTL32.dll
0x00007ffc23aa0000 - 0x00007ffc23b3e000 	C:\Windows\System32\msvcrt.dll
0x00007ffc23880000 - 0x00007ffc238af000 	C:\Windows\System32\IMM32.DLL
0x00007ffc174a0000 - 0x00007ffc174ac000 	c:\Users\Bienvenu OUEDRAOGO\.vscode\extensions\redhat.java-1.41.1-win32-x64\jre\21.0.6-win32-x86_64\bin\vcruntime140_1.dll
0x00007ffbe0aa0000 - 0x00007ffbe0b2d000 	c:\Users\Bienvenu OUEDRAOGO\.vscode\extensions\redhat.java-1.41.1-win32-x64\jre\21.0.6-win32-x86_64\bin\msvcp140.dll
0x00007ffbc6ae0000 - 0x00007ffbc7870000 	c:\Users\Bienvenu OUEDRAOGO\.vscode\extensions\redhat.java-1.41.1-win32-x64\jre\21.0.6-win32-x86_64\bin\server\jvm.dll
0x00007ffc23960000 - 0x00007ffc23a0f000 	C:\Windows\System32\ADVAPI32.dll
0x00007ffc22ed0000 - 0x00007ffc22f6f000 	C:\Windows\System32\sechost.dll
0x00007ffc24230000 - 0x00007ffc24353000 	C:\Windows\System32\RPCRT4.dll
0x00007ffc22100000 - 0x00007ffc22127000 	C:\Windows\System32\bcrypt.dll
0x00007ffc23a30000 - 0x00007ffc23a9b000 	C:\Windows\System32\WS2_32.dll
0x00007ffc21890000 - 0x00007ffc218db000 	C:\Windows\SYSTEM32\POWRPROF.dll
0x00007ffc0b600000 - 0x00007ffc0b627000 	C:\Windows\SYSTEM32\WINMM.dll
0x00007ffc17fc0000 - 0x00007ffc17fca000 	C:\Windows\SYSTEM32\VERSION.dll
0x00007ffc21870000 - 0x00007ffc21882000 	C:\Windows\SYSTEM32\UMPDC.dll
0x00007ffc20250000 - 0x00007ffc20262000 	C:\Windows\SYSTEM32\kernel.appcore.dll
0x00007ffc17370000 - 0x00007ffc1737a000 	c:\Users\Bienvenu OUEDRAOGO\.vscode\extensions\redhat.java-1.41.1-win32-x64\jre\21.0.6-win32-x86_64\bin\jimage.dll
0x00007ffc1ced0000 - 0x00007ffc1d0b4000 	C:\Windows\SYSTEM32\DBGHELP.DLL
0x00007ffc0eee0000 - 0x00007ffc0ef14000 	C:\Windows\SYSTEM32\dbgcore.DLL
0x00007ffc22070000 - 0x00007ffc220f2000 	C:\Windows\System32\bcryptPrimitives.dll
0x00007ffc17300000 - 0x00007ffc1730f000 	c:\Users\Bienvenu OUEDRAOGO\.vscode\extensions\redhat.java-1.41.1-win32-x64\jre\21.0.6-win32-x86_64\bin\instrument.dll
0x00007ffc0da30000 - 0x00007ffc0da4f000 	c:\Users\Bienvenu OUEDRAOGO\.vscode\extensions\redhat.java-1.41.1-win32-x64\jre\21.0.6-win32-x86_64\bin\java.dll
0x00007ffc22f80000 - 0x00007ffc236ef000 	C:\Windows\System32\SHELL32.dll
0x00007ffc1c610000 - 0x00007ffc1cdb3000 	C:\Windows\SYSTEM32\windows.storage.dll
0x00007ffc22900000 - 0x00007ffc22c55000 	C:\Windows\System32\combase.dll
0x00007ffc21310000 - 0x00007ffc2133b000 	C:\Windows\SYSTEM32\Wldp.dll
0x00007ffc237b0000 - 0x00007ffc2387d000 	C:\Windows\System32\OLEAUT32.dll
0x00007ffc236f0000 - 0x00007ffc2379d000 	C:\Windows\System32\SHCORE.dll
0x00007ffc24170000 - 0x00007ffc241c5000 	C:\Windows\System32\shlwapi.dll
0x00007ffc21960000 - 0x00007ffc21985000 	C:\Windows\SYSTEM32\profapi.dll
0x00007ffc0d370000 - 0x00007ffc0d388000 	c:\Users\Bienvenu OUEDRAOGO\.vscode\extensions\redhat.java-1.41.1-win32-x64\jre\21.0.6-win32-x86_64\bin\zip.dll
0x00007ffc17160000 - 0x00007ffc17170000 	C:\Users\Bienvenu OUEDRAOGO\.vscode\extensions\redhat.java-1.41.1-win32-x64\jre\21.0.6-win32-x86_64\bin\net.dll
0x00007ffc15660000 - 0x00007ffc1576a000 	C:\Windows\SYSTEM32\WINHTTP.dll
0x00007ffc210f0000 - 0x00007ffc2115c000 	C:\Windows\system32\mswsock.dll
0x00007ffc0d350000 - 0x00007ffc0d366000 	C:\Users\Bienvenu OUEDRAOGO\.vscode\extensions\redhat.java-1.41.1-win32-x64\jre\21.0.6-win32-x86_64\bin\nio.dll
0x00007ffc0d320000 - 0x00007ffc0d330000 	c:\Users\Bienvenu OUEDRAOGO\.vscode\extensions\redhat.java-1.41.1-win32-x64\jre\21.0.6-win32-x86_64\bin\verify.dll
0x00007ffbe1da0000 - 0x00007ffbe1de5000 	C:\Users\Bienvenu OUEDRAOGO\AppData\Roaming\Code\User\globalStorage\redhat.java\1.41.1\config_win\org.eclipse.equinox.launcher\org.eclipse.equinox.launcher.win32.win32.x86_64_1.2.1300.v20250331-1702\eclipse_11911.dll
0x00007ffc226f0000 - 0x00007ffc2281b000 	C:\Windows\System32\ole32.dll
0x00007ffc0d340000 - 0x00007ffc0d34a000 	C:\Users\Bienvenu OUEDRAOGO\.vscode\extensions\redhat.java-1.41.1-win32-x64\jre\21.0.6-win32-x86_64\bin\management.dll
0x00007ffc0d330000 - 0x00007ffc0d33b000 	C:\Users\Bienvenu OUEDRAOGO\.vscode\extensions\redhat.java-1.41.1-win32-x64\jre\21.0.6-win32-x86_64\bin\management_ext.dll
0x00007ffc22f70000 - 0x00007ffc22f78000 	C:\Windows\System32\PSAPI.DLL
0x00007ffc21350000 - 0x00007ffc21368000 	C:\Windows\SYSTEM32\CRYPTSP.dll
0x00007ffc20a30000 - 0x00007ffc20a68000 	C:\Windows\system32\rsaenh.dll
0x00007ffc218e0000 - 0x00007ffc2190e000 	C:\Windows\SYSTEM32\USERENV.dll
0x00007ffc21280000 - 0x00007ffc2128c000 	C:\Windows\SYSTEM32\CRYPTBASE.dll
0x00007ffc20df0000 - 0x00007ffc20e2b000 	C:\Windows\SYSTEM32\IPHLPAPI.DLL
0x00007ffc237a0000 - 0x00007ffc237a8000 	C:\Windows\System32\NSI.dll
0x00007ffbe1050000 - 0x00007ffbe1099000 	C:\Users\Bienvenu OUEDRAOGO\AppData\Local\Temp\jna-1907220329\jna8310817852130012562.dll
0x00007ffc17ff0000 - 0x00007ffc18007000 	C:\Windows\SYSTEM32\dhcpcsvc6.DLL
0x00007ffc17fd0000 - 0x00007ffc17fed000 	C:\Windows\SYSTEM32\dhcpcsvc.DLL
0x00007ffbfe180000 - 0x00007ffbfe18e000 	C:\Users\Bienvenu OUEDRAOGO\.vscode\extensions\redhat.java-1.41.1-win32-x64\jre\21.0.6-win32-x86_64\bin\sunmscapi.dll
0x00007ffc22130000 - 0x00007ffc2228d000 	C:\Windows\System32\CRYPT32.dll
0x00007ffc21460000 - 0x00007ffc21487000 	C:\Windows\SYSTEM32\ncrypt.dll
0x00007ffc21420000 - 0x00007ffc2145b000 	C:\Windows\SYSTEM32\NTASN1.dll
0x00007ffc20e30000 - 0x00007ffc20efa000 	C:\Windows\SYSTEM32\DNSAPI.dll
0x0000000052ab0000 - 0x0000000052ad6000 	C:\Program Files\Bonjour\mdnsNSP.dll
0x00007ffc0ec20000 - 0x00007ffc0ec2a000 	C:\Windows\System32\rasadhlp.dll
0x00007ffc0e800000 - 0x00007ffc0e880000 	C:\Windows\System32\fwpuclnt.dll
0x00007ffbfe170000 - 0x00007ffbfe179000 	C:\Users\Bienvenu OUEDRAOGO\.vscode\extensions\redhat.java-1.41.1-win32-x64\jre\21.0.6-win32-x86_64\bin\extnet.dll

dbghelp: loaded successfully - version: 4.0.5 - missing functions: none
symbol engine: initialized successfully - sym options: 0x614 - pdb path: .;c:\Users\Bienvenu OUEDRAOGO\.vscode\extensions\redhat.java-1.41.1-win32-x64\jre\21.0.6-win32-x86_64\bin;C:\Windows\SYSTEM32;C:\Windows\WinSxS\amd64_microsoft.windows.common-controls_6595b64144ccf1df_6.0.19041.4355_none_60b8b9eb71f62e16;c:\Users\Bienvenu OUEDRAOGO\.vscode\extensions\redhat.java-1.41.1-win32-x64\jre\21.0.6-win32-x86_64\bin\server;C:\Users\Bienvenu OUEDRAOGO\AppData\Roaming\Code\User\globalStorage\redhat.java\1.41.1\config_win\org.eclipse.equinox.launcher\org.eclipse.equinox.launcher.win32.win32.x86_64_1.2.1300.v20250331-1702;C:\Users\Bienvenu OUEDRAOGO\AppData\Local\Temp\jna-1907220329;C:\Program Files\Bonjour

VM Arguments:
jvm_args: --add-modules=ALL-SYSTEM --add-opens=java.base/java.util=ALL-UNNAMED --add-opens=java.base/java.lang=ALL-UNNAMED --add-opens=java.base/sun.nio.fs=ALL-UNNAMED -Declipse.application=org.eclipse.jdt.ls.core.id1 -Dosgi.bundles.defaultStartLevel=4 -Declipse.product=org.eclipse.jdt.ls.core.product -Djava.import.generatesMetadataFilesAtProjectRoot=false -DDetectVMInstallationsJob.disabled=true -Dfile.encoding=utf8 -XX:+UseParallelGC -XX:GCTimeRatio=4 -XX:AdaptiveSizePolicyWeight=90 -Dsun.zip.disableMemoryMapping=true -Xmx1G -Xms100m -Xlog:disable -javaagent:c:\Users\Bienvenu OUEDRAOGO\.vscode\extensions\redhat.java-1.41.1-win32-x64\lombok\lombok-1.18.36.jar -XX:+HeapDumpOnOutOfMemoryError -XX:HeapDumpPath=c:\Users\Bienvenu OUEDRAOGO\AppData\Roaming\Code\User\workspaceStorage\6d31cc40372e3232f7d9db60a52cb68e\redhat.java -Daether.dependencyCollector.impl=bf 
java_command: c:\Users\Bienvenu OUEDRAOGO\.vscode\extensions\redhat.java-1.41.1-win32-x64\server\plugins\org.eclipse.equinox.launcher_1.7.0.v20250331-1702.jar -configuration c:\Users\Bienvenu OUEDRAOGO\AppData\Roaming\Code\User\globalStorage\redhat.java\1.41.1\config_win -data c:\Users\Bienvenu OUEDRAOGO\AppData\Roaming\Code\User\workspaceStorage\6d31cc40372e3232f7d9db60a52cb68e\redhat.java\jdt_ws --pipe=\\.\pipe\lsp-d86f35a67c69670573693d459a7d9b33-sock
java_class_path (initial): c:\Users\Bienvenu OUEDRAOGO\.vscode\extensions\redhat.java-1.41.1-win32-x64\server\plugins\org.eclipse.equinox.launcher_1.7.0.v20250331-1702.jar
Launcher Type: SUN_STANDARD

[Global flags]
    uintx AdaptiveSizePolicyWeight                 = 90                                        {product} {command line}
     intx CICompilerCount                          = 3                                         {product} {ergonomic}
    uintx GCTimeRatio                              = 4                                         {product} {command line}
     bool HeapDumpOnOutOfMemoryError               = true                                   {manageable} {command line}
    ccstr HeapDumpPath                             = c:\Users\Bienvenu OUEDRAOGO\AppData\Roaming\Code\User\workspaceStorage\6d31cc40372e3232f7d9db60a52cb68e\redhat.java         {manageable} {command line}
   size_t InitialHeapSize                          = 104857600                                 {product} {command line}
   size_t MaxHeapSize                              = 1073741824                                {product} {command line}
   size_t MaxNewSize                               = 357564416                                 {product} {ergonomic}
   size_t MinHeapDeltaBytes                        = 524288                                    {product} {ergonomic}
   size_t MinHeapSize                              = 104857600                                 {product} {command line}
   size_t NewSize                                  = 34603008                                  {product} {ergonomic}
    uintx NonNMethodCodeHeapSize                   = 5832780                                {pd product} {ergonomic}
    uintx NonProfiledCodeHeapSize                  = 122912730                              {pd product} {ergonomic}
   size_t OldSize                                  = 70254592                                  {product} {ergonomic}
    uintx ProfiledCodeHeapSize                     = 122912730                              {pd product} {ergonomic}
    uintx ReservedCodeCacheSize                    = 251658240                              {pd product} {ergonomic}
     bool SegmentedCodeCache                       = true                                      {product} {ergonomic}
   size_t SoftMaxHeapSize                          = 1073741824                             {manageable} {ergonomic}
     bool UseCompressedOops                        = true                           {product lp64_product} {ergonomic}
     bool UseLargePagesIndividualAllocation        = false                                  {pd product} {ergonomic}
     bool UseParallelGC                            = true                                      {product} {command line}

Logging:
Log output configuration:
 #0: stdout all=off uptime,level,tags foldmultilines=false
 #1: stderr all=off uptime,level,tags foldmultilines=false

Environment Variables:
JAVA_HOME=C:\Program Files\Java\jdk-17
PATH=C:\Program Files\Common Files\Oracle\Java\javapath;C:\Program Files (x86)\VMware\VMware Workstation\bin\;C:\Windows\system32;C:\Windows;C:\Windows\System32\Wbem;C:\Windows\System32\WindowsPowerShell\v1.0\;C:\Windows\System32\OpenSSH\;C:\Program Files\MinGW\bin;C:\Program Files\nodejs\;C:\xampp\php;C:\ProgramData\ComposerSetup\bin;C:\Android\apache-ant-1.10.14\bin;C:\Program Files\Java\jdk-19\bin;C:\Program Files (x86)\Php;C:\Program Files\Git\cmd;C:\flutter\bin;C:\dartsdk\bin;C:\Program Files\Azure Data Studio\bin;C:\Program Files\gradle-7.6.4\bin;C:\Program Files\Java\jdk-17\bin;C:\Users\Bienvenu OUEDRAOGO\AppData\Local\Programs\Python\Python310\Scripts\;C:\Users\Bienvenu OUEDRAOGO\AppData\Local\Programs\Python\Python310\;C:\Users\Bienvenu OUEDRAOGO\AppData\Local\Microsoft\WindowsApps;C:\Users\Bienvenu OUEDRAOGO\AppData\Roaming\npm;C:\Users\Bienvenu OUEDRAOGO\AppData\Roaming\Composer\vendor\bin;C:\Program Files\Java\jdk-19\bin;C:\Android\apache-ant-1.10.14\bin;C:\Program Files (x86)\Php;C:\flutter\bin;C:\dartsdk\bin;C:\Users\Bienvenu OUEDRAOGO\AppData\Local\Programs\Microsoft VS Code\bin;C:\Program Files\Azure Data Studio\bin;C:\Program Files\PostgreSQL\17\bin;C:\Program Files\PostgreSQL\17\lib;C:\apache-maven-3.9.9\bin;C:\apache-maven-3.9.9\lib;C:\Program Files\gradle-7.6.4\bin;
USERNAME=Bienvenu OUEDRAOGO
OS=Windows_NT
PROCESSOR_IDENTIFIER=Intel64 Family 6 Model 78 Stepping 3, GenuineIntel
TMP=C:\Users\BIENVE~1\AppData\Local\Temp
TEMP=C:\Users\BIENVE~1\AppData\Local\Temp




Periodic native trim disabled

---------------  S Y S T E M  ---------------

OS:
 Windows 10 , 64 bit Build 19041 (10.0.19041.5678)
OS uptime: 3 days 7:45 hours
Hyper-V role detected

CPU: total 4 (initial active 4) (2 cores per cpu, 2 threads per core) family 6 model 78 stepping 3 microcode 0xcc, cx8, cmov, fxsr, ht, mmx, 3dnowpref, sse, sse2, sse3, ssse3, sse4.1, sse4.2, popcnt, lzcnt, tsc, tscinvbit, avx, avx2, aes, erms, clmul, bmi1, bmi2, rtm, adx, fma, vzeroupper, clflush, clflushopt, hv, rdtscp, f16c
Processor Information for processor 0
  Max Mhz: 2304, Current Mhz: 2304, Mhz Limit: 2304
Processor Information for processor 1
  Max Mhz: 2304, Current Mhz: 2304, Mhz Limit: 2304
Processor Information for processor 2
  Max Mhz: 2304, Current Mhz: 2304, Mhz Limit: 2304
Processor Information for processor 3
  Max Mhz: 2304, Current Mhz: 1402, Mhz Limit: 2304

Memory: 4k page, system-wide physical 6041M (193M free)
TotalPageFile size 24473M (AvailPageFile size 0M)
current process WorkingSet (physical memory assigned to process): 119M, peak: 199M
current process commit charge ("private bytes"): 260M, peak: 282M

vm_info: OpenJDK 64-Bit Server VM (21.0.6+7-LTS) for windows-amd64 JRE (21.0.6+7-LTS), built on 2025-01-21T00:00:00Z by "admin" with MS VC++ 17.7 (VS2022)

END.
